<?xml version="1.0" encoding="UTF-8"?>
<!-- Generated by org.testng.reporters.JUnitReportReporter -->
<testsuite skipped="0" hostname="DESKTOP-NDUBVFR" name="com.testcases.LoginPageTestTDD" tests="2" failures="0" timestamp="2021-11-22T16:31:09 PST" time="0.033" errors="0">
  <testcase name="validateLoginTest" time="0.031" classname="com.testcases.LoginPageTestTDD"/>
  <system-out/>
  <testcase name="validateLoginTest" time="0.002" classname="com.testcases.LoginPageTestTDD"/>
  <system-out/>
</testsuite> <!-- com.testcases.LoginPageTestTDD -->
